22:47:39,92 root ERROR Message: no such element: Unable to locate element: {"method":"xpath","selector":"//input[@placeholder='שם פרט']"}
  (Session info: chrome=111.0.5563.147)
Stacktrace:
Backtrace:
	(No symbol) [0x003F37D3]
	(No symbol) [0x00388B81]
	(No symbol) [0x0028B36D]
	(No symbol) [0x002BD382]
	(No symbol) [0x002BD4BB]
	(No symbol) [0x002F3302]
	(No symbol) [0x002DB464]
	(No symbol) [0x002F1215]
	(No symbol) [0x002DB216]
	(No symbol) [0x002B0D97]
	(No symbol) [0x002B253D]
	GetHandleVerifier [0x0066ABF2+2510930]
	GetHandleVerifier [0x00698EC1+2700065]
	GetHandleVerifier [0x0069C86C+2714828]
	GetHandleVerifier [0x004A3480+645344]
	(No symbol) [0x00390FD2]
	(No symbol) [0x00396C68]
	(No symbol) [0x00396D4B]
	(No symbol) [0x003A0D6B]
	BaseThreadInitThunk [0x76ED7D69+25]
	RtlInitializeExceptionChain [0x7749B74B+107]
	RtlClearBits [0x7749B6CF+191]

22:50:24,596 root ERROR Message: no such element: Unable to locate element: {"method":"xpath","selector":"//input[@placeholder='שם פרט']"}
  (Session info: chrome=111.0.5563.147)
Stacktrace:
Backtrace:
	(No symbol) [0x003F37D3]
	(No symbol) [0x00388B81]
	(No symbol) [0x0028B36D]
	(No symbol) [0x002BD382]
	(No symbol) [0x002BD4BB]
	(No symbol) [0x002F3302]
	(No symbol) [0x002DB464]
	(No symbol) [0x002F1215]
	(No symbol) [0x002DB216]
	(No symbol) [0x002B0D97]
	(No symbol) [0x002B253D]
	GetHandleVerifier [0x0066ABF2+2510930]
	GetHandleVerifier [0x00698EC1+2700065]
	GetHandleVerifier [0x0069C86C+2714828]
	GetHandleVerifier [0x004A3480+645344]
	(No symbol) [0x00390FD2]
	(No symbol) [0x00396C68]
	(No symbol) [0x00396D4B]
	(No symbol) [0x003A0D6B]
	BaseThreadInitThunk [0x76ED7D69+25]
	RtlInitializeExceptionChain [0x7749B74B+107]
	RtlClearBits [0x7749B6CF+191]

22:50:29,972 root ERROR Message: no such element: Unable to locate element: {"method":"xpath","selector":"//input[@placeholder='שם פרט']"}
  (Session info: chrome=111.0.5563.147)
Stacktrace:
Backtrace:
	(No symbol) [0x003F37D3]
	(No symbol) [0x00388B81]
	(No symbol) [0x0028B36D]
	(No symbol) [0x002BD382]
	(No symbol) [0x002BD4BB]
	(No symbol) [0x002F3302]
	(No symbol) [0x002DB464]
	(No symbol) [0x002F1215]
	(No symbol) [0x002DB216]
	(No symbol) [0x002B0D97]
	(No symbol) [0x002B253D]
	GetHandleVerifier [0x0066ABF2+2510930]
	GetHandleVerifier [0x00698EC1+2700065]
	GetHandleVerifier [0x0069C86C+2714828]
	GetHandleVerifier [0x004A3480+645344]
	(No symbol) [0x00390FD2]
	(No symbol) [0x00396C68]
	(No symbol) [0x00396D4B]
	(No symbol) [0x003A0D6B]
	BaseThreadInitThunk [0x76ED7D69+25]
	RtlInitializeExceptionChain [0x7749B74B+107]
	RtlClearBits [0x7749B6CF+191]

14:59:19,729 root ERROR Message: no such element: Unable to locate element: {"method":"xpath","selector":"//li[@value='391']"}
  (Session info: chrome=112.0.5615.50)
Stacktrace:
Backtrace:
	GetHandleVerifier [0x00375E23+53059]
	(No symbol) [0x00304AF1]
	(No symbol) [0x001FB388]
	(No symbol) [0x0022CA3F]
	(No symbol) [0x0022CC4B]
	(No symbol) [0x00262772]
	(No symbol) [0x0024A814]
	(No symbol) [0x0026066F]
	(No symbol) [0x0024A5C6]
	(No symbol) [0x00220A2C]
	(No symbol) [0x002220ED]
	GetHandleVerifier [0x005DD3CE+2573550]
	GetHandleVerifier [0x00613340+2794592]
	GetHandleVerifier [0x0060CF1C+2768956]
	GetHandleVerifier [0x0040FA60+682880]
	(No symbol) [0x0030EE22]
	(No symbol) [0x0030A8B8]
	(No symbol) [0x0030A99B]
	(No symbol) [0x002FDB57]
	BaseThreadInitThunk [0x76466739+25]
	RtlGetFullPathName_UEx [0x77008AFF+1215]
	RtlGetFullPathName_UEx [0x77008ACD+1165]

15:00:00,279 root ERROR Message: no such element: Unable to locate element: {"method":"xpath","selector":"//li[@value="59"]"}
  (Session info: chrome=112.0.5615.50)
Stacktrace:
Backtrace:
	GetHandleVerifier [0x002D5E23+53059]
	(No symbol) [0x00264AF1]
	(No symbol) [0x0015B388]
	(No symbol) [0x0018CA3F]
	(No symbol) [0x0018CC4B]
	(No symbol) [0x001C2772]
	(No symbol) [0x001AA814]
	(No symbol) [0x001C066F]
	(No symbol) [0x001AA5C6]
	(No symbol) [0x00180A2C]
	(No symbol) [0x001820ED]
	GetHandleVerifier [0x0053D3CE+2573550]
	GetHandleVerifier [0x00573340+2794592]
	GetHandleVerifier [0x0056CF1C+2768956]
	GetHandleVerifier [0x0036FA60+682880]
	(No symbol) [0x0026EE22]
	(No symbol) [0x0026A8B8]
	(No symbol) [0x0026A99B]
	(No symbol) [0x0025DB57]
	BaseThreadInitThunk [0x75D66739+25]
	RtlGetFullPathName_UEx [0x77D78AFF+1215]
	RtlGetFullPathName_UEx [0x77D78ACD+1165]
	(No symbol) [0x00000000]

15:02:55,77 root ERROR Message: element click intercepted: Element <span class="circle">...</span> is not clickable at point (426, 523). Other element would receive the click: <div tabindex="0" style="position: relative; outline: none; width: 600px; height: 500px; border-radius: 5px; transform-origin: center center; box-shadow: rgb(0, 0, 0) 0px 0px 0px 0px; background-color: rgba(255, 255, 255, 0); display: block; top: 0px; left: 0px; border-color: rgb(33, 37, 41); z-index: 2147483647;" data-shadow-distance="0" role="alert" aria-live="assertive" id="adoric_smartbox_d42a821b47d41" data-canvas-width="600" data-canvas-height="500" data-shadow-angle="1" data-shadow="shadow--none" data-customize-btn="1">...</div>
  (Session info: chrome=112.0.5615.50)
Stacktrace:
Backtrace:
	GetHandleVerifier [0x00DA5E23+53059]
	(No symbol) [0x00D34AF1]
	(No symbol) [0x00C2B388]
	(No symbol) [0x00C641D8]
	(No symbol) [0x00C61CA4]
	(No symbol) [0x00C5F3AB]
	(No symbol) [0x00C5DC58]
	(No symbol) [0x00C52DE7]
	(No symbol) [0x00C7A7CC]
	(No symbol) [0x00C52746]
	(No symbol) [0x00C7AB24]
	(No symbol) [0x00C9066F]
	(No symbol) [0x00C7A5C6]
	(No symbol) [0x00C50A2C]
	(No symbol) [0x00C520ED]
	GetHandleVerifier [0x0100D3CE+2573550]
	GetHandleVerifier [0x01043340+2794592]
	GetHandleVerifier [0x0103CF1C+2768956]
	GetHandleVerifier [0x00E3FA60+682880]
	(No symbol) [0x00D3EE22]
	(No symbol) [0x00D3A8B8]
	(No symbol) [0x00D3A99B]
	(No symbol) [0x00D2DB57]
	BaseThreadInitThunk [0x76E66739+25]
	RtlGetFullPathName_UEx [0x77D28AFF+1215]
	RtlGetFullPathName_UEx [0x77D28ACD+1165]

15:03:15,247 root ERROR Message: no such element: Unable to locate element: {"method":"xpath","selector":"//li[@value='391']"}
  (Session info: chrome=112.0.5615.50)
Stacktrace:
Backtrace:
	GetHandleVerifier [0x00815E23+53059]
	(No symbol) [0x007A4AF1]
	(No symbol) [0x0069B388]
	(No symbol) [0x006CCA3F]
	(No symbol) [0x006CCC4B]
	(No symbol) [0x00702772]
	(No symbol) [0x006EA814]
	(No symbol) [0x0070066F]
	(No symbol) [0x006EA5C6]
	(No symbol) [0x006C0A2C]
	(No symbol) [0x006C20ED]
	GetHandleVerifier [0x00A7D3CE+2573550]
	GetHandleVerifier [0x00AB3340+2794592]
	GetHandleVerifier [0x00AACF1C+2768956]
	GetHandleVerifier [0x008AFA60+682880]
	(No symbol) [0x007AEE22]
	(No symbol) [0x007AA8B8]
	(No symbol) [0x007AA99B]
	(No symbol) [0x0079DB57]
	BaseThreadInitThunk [0x763A6739+25]
	RtlGetFullPathName_UEx [0x77DB8AFF+1215]
	RtlGetFullPathName_UEx [0x77DB8ACD+1165]

15:05:41,864 root ERROR Message: element click intercepted: Element <span class="circle">...</span> is not clickable at point (426, 523). Other element would receive the click: <div tabindex="0" style="position: relative; outline: none; width: 600px; height: 500px; border-radius: 5px; transform-origin: center center; box-shadow: rgb(0, 0, 0) 0px 0px 0px 0px; background-color: rgba(255, 255, 255, 0); display: block; top: 0px; left: 0px; border-color: rgb(33, 37, 41); z-index: 2147483647;" data-shadow-distance="0" role="alert" aria-live="assertive" id="adoric_smartbox_d42a821b47d41" data-canvas-width="600" data-canvas-height="500" data-shadow-angle="1" data-shadow="shadow--none" data-customize-btn="1">...</div>
  (Session info: chrome=112.0.5615.50)
Stacktrace:
Backtrace:
	GetHandleVerifier [0x00455E23+53059]
	(No symbol) [0x003E4AF1]
	(No symbol) [0x002DB388]
	(No symbol) [0x003141D8]
	(No symbol) [0x00311CA4]
	(No symbol) [0x0030F3AB]
	(No symbol) [0x0030DC58]
	(No symbol) [0x00302DE7]
	(No symbol) [0x0032A7CC]
	(No symbol) [0x00302746]
	(No symbol) [0x0032AB24]
	(No symbol) [0x0034066F]
	(No symbol) [0x0032A5C6]
	(No symbol) [0x00300A2C]
	(No symbol) [0x003020ED]
	GetHandleVerifier [0x006BD3CE+2573550]
	GetHandleVerifier [0x006F3340+2794592]
	GetHandleVerifier [0x006ECF1C+2768956]
	GetHandleVerifier [0x004EFA60+682880]
	(No symbol) [0x003EEE22]
	(No symbol) [0x003EA8B8]
	(No symbol) [0x003EA99B]
	(No symbol) [0x003DDB57]
	BaseThreadInitThunk [0x75A26739+25]
	RtlGetFullPathName_UEx [0x77A88AFF+1215]
	RtlGetFullPathName_UEx [0x77A88ACD+1165]

15:06:05,505 root ERROR Message: no such element: Unable to locate element: {"method":"xpath","selector":"//li[@value='391']"}
  (Session info: chrome=112.0.5615.50)
Stacktrace:
Backtrace:
	GetHandleVerifier [0x00415E23+53059]
	(No symbol) [0x003A4AF1]
	(No symbol) [0x0029B388]
	(No symbol) [0x002CCA3F]
	(No symbol) [0x002CCC4B]
	(No symbol) [0x00302772]
	(No symbol) [0x002EA814]
	(No symbol) [0x0030066F]
	(No symbol) [0x002EA5C6]
	(No symbol) [0x002C0A2C]
	(No symbol) [0x002C20ED]
	GetHandleVerifier [0x0067D3CE+2573550]
	GetHandleVerifier [0x006B3340+2794592]
	GetHandleVerifier [0x006ACF1C+2768956]
	GetHandleVerifier [0x004AFA60+682880]
	(No symbol) [0x003AEE22]
	(No symbol) [0x003AA8B8]
	(No symbol) [0x003AA99B]
	(No symbol) [0x0039DB57]
	BaseThreadInitThunk [0x762B6739+25]
	RtlGetFullPathName_UEx [0x77528AFF+1215]
	RtlGetFullPathName_UEx [0x77528ACD+1165]

15:06:40,538 root ERROR Message: no such element: Unable to locate element: {"method":"xpath","selector":"//li[@value="59"]"}
  (Session info: chrome=112.0.5615.50)
Stacktrace:
Backtrace:
	GetHandleVerifier [0x003C5E23+53059]
	(No symbol) [0x00354AF1]
	(No symbol) [0x0024B388]
	(No symbol) [0x0027CA3F]
	(No symbol) [0x0027CC4B]
	(No symbol) [0x002B2772]
	(No symbol) [0x0029A814]
	(No symbol) [0x002B066F]
	(No symbol) [0x0029A5C6]
	(No symbol) [0x00270A2C]
	(No symbol) [0x002720ED]
	GetHandleVerifier [0x0062D3CE+2573550]
	GetHandleVerifier [0x00663340+2794592]
	GetHandleVerifier [0x0065CF1C+2768956]
	GetHandleVerifier [0x0045FA60+682880]
	(No symbol) [0x0035EE22]
	(No symbol) [0x0035A8B8]
	(No symbol) [0x0035A99B]
	(No symbol) [0x0034DB57]
	BaseThreadInitThunk [0x75DD6739+25]
	RtlGetFullPathName_UEx [0x77438AFF+1215]
	RtlGetFullPathName_UEx [0x77438ACD+1165]

20:34:23,431 root ERROR Message: no such element: Unable to locate element: {"method":"xpath","selector":"//li[@value='391']"}
  (Session info: chrome=113.0.5672.64)
Stacktrace:
Backtrace:
	GetHandleVerifier [0x004F6DF3+48691]
	(No symbol) [0x00488CC1]
	(No symbol) [0x00395068]
	(No symbol) [0x003C0477]
	(No symbol) [0x003C06AB]
	(No symbol) [0x003EDD62]
	(No symbol) [0x003DA314]
	(No symbol) [0x003EC452]
	(No symbol) [0x003DA0C6]
	(No symbol) [0x003B7E18]
	(No symbol) [0x003B8F3D]
	GetHandleVerifier [0x00754EAA+2531050]
	GetHandleVerifier [0x00794B60+2792352]
	GetHandleVerifier [0x0078E6EC+2766636]
	GetHandleVerifier [0x00580820+612448]
	(No symbol) [0x004925BC]
	(No symbol) [0x0048E808]
	(No symbol) [0x0048E8EB]
	(No symbol) [0x00481C77]
	BaseThreadInitThunk [0x76F26739+25]
	RtlGetFullPathName_UEx [0x778D8AFF+1215]
	RtlGetFullPathName_UEx [0x778D8ACD+1165]

20:34:55,717 root ERROR Message: element click intercepted: Element <div id="ember1369" gtm="למישהו אחר" class="ember-view button button-forSomeone" role="Radio" tabindex="0" aria-checked="false" data-radiomax="2" data-index="0" aria-label="       למישהו אחר  ">...</div> is not clickable at point (863, 418). Other element would receive the click: <div id="app-loading">...</div>
  (Session info: chrome=113.0.5672.64)
Stacktrace:
Backtrace:
	GetHandleVerifier [0x00676DF3+48691]
	(No symbol) [0x00608CC1]
	(No symbol) [0x00515068]
	(No symbol) [0x00544BB4]
	(No symbol) [0x005436F8]
	(No symbol) [0x00541EFB]
	(No symbol) [0x0054130E]
	(No symbol) [0x00539ABC]
	(No symbol) [0x0055A2CC]
	(No symbol) [0x00539596]
	(No symbol) [0x0055A624]
	(No symbol) [0x0056C452]
	(No symbol) [0x0055A0C6]
	(No symbol) [0x00537E18]
	(No symbol) [0x00538F3D]
	GetHandleVerifier [0x008D4EAA+2531050]
	GetHandleVerifier [0x00914B60+2792352]
	GetHandleVerifier [0x0090E6EC+2766636]
	GetHandleVerifier [0x00700820+612448]
	(No symbol) [0x006125BC]
	(No symbol) [0x0060E808]
	(No symbol) [0x0060E8EB]
	(No symbol) [0x00601C77]
	BaseThreadInitThunk [0x762B6739+25]
	RtlGetFullPathName_UEx [0x77048AFF+1215]
	RtlGetFullPathName_UEx [0x77048ACD+1165]

20:35:00,943 root ERROR Message: no such element: Unable to locate element: {"method":"xpath","selector":"//li[@value="59"]"}
  (Session info: chrome=113.0.5672.64)
Stacktrace:
Backtrace:
	GetHandleVerifier [0x00676DF3+48691]
	(No symbol) [0x00608CC1]
	(No symbol) [0x00515068]
	(No symbol) [0x00540477]
	(No symbol) [0x005406AB]
	(No symbol) [0x0056DD62]
	(No symbol) [0x0055A314]
	(No symbol) [0x0056C452]
	(No symbol) [0x0055A0C6]
	(No symbol) [0x00537E18]
	(No symbol) [0x00538F3D]
	GetHandleVerifier [0x008D4EAA+2531050]
	GetHandleVerifier [0x00914B60+2792352]
	GetHandleVerifier [0x0090E6EC+2766636]
	GetHandleVerifier [0x00700820+612448]
	(No symbol) [0x006125BC]
	(No symbol) [0x0060E808]
	(No symbol) [0x0060E8EB]
	(No symbol) [0x00601C77]
	BaseThreadInitThunk [0x762B6739+25]
	RtlGetFullPathName_UEx [0x77048AFF+1215]
	RtlGetFullPathName_UEx [0x77048ACD+1165]

